<?xml version="1.0" encoding="UTF-8"?>
<!-- Generated by org.testng.reporters.JUnitXMLReporter -->
<testsuite hostname="notebook" name="Default test" tests="4" failures="1" timestamp="2 Dec 2015 21:22:38 GMT" time="0.598" errors="0">
  <testcase name="findCandyByName" time="0.369" classname="by.epam.cdp.java.nypresent.PresentTest"/>
  <testcase name="findInvalidCandyName" time="0.003" classname="by.epam.cdp.java.nypresent.PresentTest"/>
  <testcase name="getPresentsWeight" time="0.004" classname="by.epam.cdp.java.nypresent.PresentTest"/>
  <testcase name="sortCollectionByName" time="0.006" classname="by.epam.cdp.java.nypresent.PresentTest">
    <failure type="java.lang.AssertionError" message="expected:&amp;lt;Present: [Type: Bar Name of candy: A Weight: 15 Main ingredient: Nougat, Type: Bar Name of candy: B Weight: 15 Main ingredient: Nougat, Type: Bar Name of candy: C Weight: 15 Main ingredient: Nougat]&amp;gt; but was:&amp;lt;Present: [Type: Bar Name of candy: A Weight: 15 Main ingredient: Nougat, Type: Bar Name of candy: B Weight: 15 Main ingredient: Nougat, Type: Bar Name of candy: C Weight: 15 Main ingredient: Nougat]
&amp;gt;">
      <![CDATA[java.lang.AssertionError: expected:<Present: [Type: Bar Name of candy: A Weight: 15 Main ingredient: Nougat, Type: Bar Name of candy: B Weight: 15 Main ingredient: Nougat, Type: Bar Name of candy: C Weight: 15 Main ingredient: Nougat]> but was:<Present: [Type: Bar Name of candy: A Weight: 15 Main ingredient: Nougat, Type: Bar Name of candy: B Weight: 15 Main ingredient: Nougat, Type: Bar Name of candy: C Weight: 15 Main ingredient: Nougat]
>
	at org.testng.Assert.fail(Assert.java:89)
	at org.testng.Assert.failNotEquals(Assert.java:489)
	at org.testng.Assert.assertEquals(Assert.java:118)
	at org.testng.Assert.assertEquals(Assert.java:160)
	at by.epam.cdp.java.nypresent.PresentTest.sortCollectionByName(PresentTest.java:86)
	at sun.reflect.NativeMethodAccessorImpl.invoke0(Native Method)
	at sun.reflect.NativeMethodAccessorImpl.invoke(NativeMethodAccessorImpl.java:62)
	at sun.reflect.DelegatingMethodAccessorImpl.invoke(DelegatingMethodAccessorImpl.java:43)
	at java.lang.reflect.Method.invoke(Method.java:497)
	at org.testng.internal.MethodInvocationHelper.invokeMethod(MethodInvocationHelper.java:80)
	at org.testng.internal.Invoker.invokeMethod(Invoker.java:702)
	at org.testng.internal.Invoker.invokeTestMethod(Invoker.java:894)
	at org.testng.internal.Invoker.invokeTestMethods(Invoker.java:1219)
	at org.testng.internal.TestMethodWorker.invokeTestMethods(TestMethodWorker.java:127)
	at org.testng.internal.TestMethodWorker.run(TestMethodWorker.java:111)
	at org.testng.TestRunner.privateRun(TestRunner.java:768)
	at org.testng.TestRunner.run(TestRunner.java:617)
	at org.testng.SuiteRunner.runTest(SuiteRunner.java:334)
	at org.testng.SuiteRunner.runSequentially(SuiteRunner.java:329)
	at org.testng.SuiteRunner.privateRun(SuiteRunner.java:291)
	at org.testng.SuiteRunner.run(SuiteRunner.java:240)
	at org.testng.SuiteRunnerWorker.runSuite(SuiteRunnerWorker.java:53)
	at org.testng.SuiteRunnerWorker.run(SuiteRunnerWorker.java:87)
	at org.testng.TestNG.runSuitesSequentially(TestNG.java:1188)
	at org.testng.TestNG.runSuitesLocally(TestNG.java:1113)
	at org.testng.TestNG.run(TestNG.java:1025)
	at org.testng.remote.RemoteTestNG.run(RemoteTestNG.java:115)
	at org.testng.remote.RemoteTestNG.initAndRun(RemoteTestNG.java:207)
	at org.testng.remote.RemoteTestNG.main(RemoteTestNG.java:178)
]]>
    </failure>
  </testcase> <!-- sortCollectionByName -->
</testsuite> <!-- Default test -->
