<?xml version="1.0" encoding="UTF-8"?>
<!-- Generated by org.testng.reporters.JUnitXMLReporter -->
<testsuite hostname="notebook" name="Math Operations Test" tests="9" failures="9" timestamp="1 Dec 2015 20:22:58 GMT" time="0.144" errors="0">
  <testcase name="additionTest" time="0.038" classname="by.epam.cdp.java.moduletesting.BasicOperationsTests">
    <failure type="java.lang.AssertionError" message="expected [12] but found [2.0]">
      <![CDATA[java.lang.AssertionError: expected [12] but found [2.0]
	at by.epam.cdp.java.moduletesting.BasicOperationsTests.additionTest(BasicOperationsTests.java:27)
... Removed 28 stack frames]]>
    </failure>
  </testcase> <!-- additionTest -->
  <testcase name="divisionTest" time="0.002" classname="by.epam.cdp.java.moduletesting.BasicOperationsTests">
    <failure type="java.lang.AssertionError" message="expected [5] but found [5.0]">
      <![CDATA[java.lang.AssertionError: expected [5] but found [5.0]
	at by.epam.cdp.java.moduletesting.BasicOperationsTests.divisionTest(BasicOperationsTests.java:34)
... Removed 28 stack frames]]>
    </failure>
  </testcase> <!-- divisionTest -->
  <testcase name="testMultiplication" time="0.002" classname="by.epam.cdp.java.moduletesting.BasicOperationsTests">
    <failure type="java.lang.AssertionError" message="expected [20] but found [20.0]">
      <![CDATA[java.lang.AssertionError: expected [20] but found [20.0]
	at by.epam.cdp.java.moduletesting.BasicOperationsTests.testMultiplication(BasicOperationsTests.java:41)
... Removed 28 stack frames]]>
    </failure>
  </testcase> <!-- testMultiplication -->
  <testcase name="testSubstraction" time="0.002" classname="by.epam.cdp.java.moduletesting.BasicOperationsTests">
    <failure type="java.lang.AssertionError" message="expected [8] but found [8.0]">
      <![CDATA[java.lang.AssertionError: expected [8] but found [8.0]
	at by.epam.cdp.java.moduletesting.BasicOperationsTests.testSubstraction(BasicOperationsTests.java:48)
... Removed 28 stack frames]]>
    </failure>
  </testcase> <!-- testSubstraction -->
  <testcase name="testAbsoluteValue" time="0.001" classname="by.epam.cdp.java.moduletesting.NumberOperationsTests">
    <failure type="java.lang.AssertionError" message="expected [1] but found [1.0]">
      <![CDATA[java.lang.AssertionError: expected [1] but found [1.0]
	at by.epam.cdp.java.moduletesting.NumberOperationsTests.testAbsoluteValue(NumberOperationsTests.java:26)
... Removed 28 stack frames]]>
    </failure>
  </testcase> <!-- testAbsoluteValue -->
  <testcase name="testFactorial" time="0.002" classname="by.epam.cdp.java.moduletesting.NumberOperationsTests">
    <failure type="java.lang.AssertionError" message="expected [1] but found [1.0]">
      <![CDATA[java.lang.AssertionError: expected [1] but found [1.0]
	at by.epam.cdp.java.moduletesting.NumberOperationsTests.testFactorial(NumberOperationsTests.java:33)
... Removed 28 stack frames]]>
    </failure>
  </testcase> <!-- testFactorial -->
  <testcase name="testLg" time="0.001" classname="by.epam.cdp.java.moduletesting.NumberOperationsTests">
    <failure type="java.lang.AssertionError" message="expected [0] but found [0.0]">
      <![CDATA[java.lang.AssertionError: expected [0] but found [0.0]
	at by.epam.cdp.java.moduletesting.NumberOperationsTests.testLg(NumberOperationsTests.java:39)
... Removed 28 stack frames]]>
    </failure>
  </testcase> <!-- testLg -->
  <testcase name="testRoundToInteger" time="0.002" classname="by.epam.cdp.java.moduletesting.NumberOperationsTests">
    <failure type="java.lang.AssertionError" message="expected [1] but found [1.0]">
      <![CDATA[java.lang.AssertionError: expected [1] but found [1.0]
	at by.epam.cdp.java.moduletesting.NumberOperationsTests.testRoundToInteger(NumberOperationsTests.java:45)
... Removed 28 stack frames]]>
    </failure>
  </testcase> <!-- testRoundToInteger -->
  <testcase name="testSquareRoot" time="0.001" classname="by.epam.cdp.java.moduletesting.NumberOperationsTests">
    <failure type="java.lang.AssertionError" message="expected [0] but found [1.0]">
      <![CDATA[java.lang.AssertionError: expected [0] but found [1.0]
	at by.epam.cdp.java.moduletesting.NumberOperationsTests.testSquareRoot(NumberOperationsTests.java:51)
... Removed 28 stack frames]]>
    </failure>
  </testcase> <!-- testSquareRoot -->
</testsuite> <!-- Math Operations Test -->
